C:\Users\Administrator.IES7LSEJAZ1GGRL\Desktop\OpenCV笔记之零：读取图片\Debug\unfinished.exe
C:\Users\Administrator.IES7LSEJAZ1GGRL\Desktop\OpenCV笔记之零：读取图片\Debug\unfinished.ilk
C:\Users\Administrator.IES7LSEJAZ1GGRL\Desktop\OpenCV笔记之零：读取图片\Debug\unfinished.pdb
C:\Users\Administrator.IES7LSEJAZ1GGRL\Desktop\OpenCV笔记之零：读取图片\unfinished\Debug\cl.command.1.tlog
C:\Users\Administrator.IES7LSEJAZ1GGRL\Desktop\OpenCV笔记之零：读取图片\unfinished\Debug\CL.read.1.tlog
C:\Users\Administrator.IES7LSEJAZ1GGRL\Desktop\OpenCV笔记之零：读取图片\unfinished\Debug\CL.write.1.tlog
C:\Users\Administrator.IES7LSEJAZ1GGRL\Desktop\OpenCV笔记之零：读取图片\unfinished\Debug\link.7500.read.1.tlog
C:\Users\Administrator.IES7LSEJAZ1GGRL\Desktop\OpenCV笔记之零：读取图片\unfinished\Debug\link.7500.write.1.tlog
C:\Users\Administrator.IES7LSEJAZ1GGRL\Desktop\OpenCV笔记之零：读取图片\unfinished\Debug\link.7500-cvtres.read.1.tlog
C:\Users\Administrator.IES7LSEJAZ1GGRL\Desktop\OpenCV笔记之零：读取图片\unfinished\Debug\link.7500-cvtres.write.1.tlog
C:\Users\Administrator.IES7LSEJAZ1GGRL\Desktop\OpenCV笔记之零：读取图片\unfinished\Debug\link.command.1.tlog
C:\Users\Administrator.IES7LSEJAZ1GGRL\Desktop\OpenCV笔记之零：读取图片\unfinished\Debug\link.read.1.tlog
C:\Users\Administrator.IES7LSEJAZ1GGRL\Desktop\OpenCV笔记之零：读取图片\unfinished\Debug\link.write.1.tlog
C:\Users\Administrator.IES7LSEJAZ1GGRL\Desktop\OpenCV笔记之零：读取图片\unfinished\Debug\link-cvtres.read.1.tlog
C:\Users\Administrator.IES7LSEJAZ1GGRL\Desktop\OpenCV笔记之零：读取图片\unfinished\Debug\link-cvtres.write.1.tlog
C:\Users\Administrator.IES7LSEJAZ1GGRL\Desktop\OpenCV笔记之零：读取图片\unfinished\Debug\mt.command.1.tlog
C:\Users\Administrator.IES7LSEJAZ1GGRL\Desktop\OpenCV笔记之零：读取图片\unfinished\Debug\mt.read.1.tlog
C:\Users\Administrator.IES7LSEJAZ1GGRL\Desktop\OpenCV笔记之零：读取图片\unfinished\Debug\mt.write.1.tlog
C:\Users\Administrator.IES7LSEJAZ1GGRL\Desktop\OpenCV笔记之零：读取图片\unfinished\Debug\rc.command.1.tlog
C:\Users\Administrator.IES7LSEJAZ1GGRL\Desktop\OpenCV笔记之零：读取图片\unfinished\Debug\rc.read.1.tlog
C:\Users\Administrator.IES7LSEJAZ1GGRL\Desktop\OpenCV笔记之零：读取图片\unfinished\Debug\rc.write.1.tlog
C:\USERS\ADMINISTRATOR.IES7LSEJAZ1GGRL\DESKTOP\OPENCV笔记之零：读取图片\UNFINISHED\DEBUG\STDAFX.OBJ
C:\Users\Administrator.IES7LSEJAZ1GGRL\Desktop\OpenCV笔记之零：读取图片\unfinished\Debug\unfinished.exe.embed.manifest
C:\USERS\ADMINISTRATOR.IES7LSEJAZ1GGRL\DESKTOP\OPENCV笔记之零：读取图片\UNFINISHED\DEBUG\UNFINISHED.EXE.EMBED.MANIFEST.RES
C:\Users\Administrator.IES7LSEJAZ1GGRL\Desktop\OpenCV笔记之零：读取图片\unfinished\Debug\unfinished.exe.intermediate.manifest
C:\USERS\ADMINISTRATOR.IES7LSEJAZ1GGRL\DESKTOP\OPENCV笔记之零：读取图片\UNFINISHED\DEBUG\UNFINISHED.OBJ
C:\USERS\ADMINISTRATOR.IES7LSEJAZ1GGRL\DESKTOP\OPENCV笔记之零：读取图片\UNFINISHED\DEBUG\UNFINISHED.PCH
C:\Users\Administrator.IES7LSEJAZ1GGRL\Desktop\OpenCV笔记之零：读取图片\unfinished\Debug\unfinished.vcxprojResolveAssemblyReference.cache
C:\Users\Administrator.IES7LSEJAZ1GGRL\Desktop\OpenCV笔记之零：读取图片\unfinished\Debug\unfinished.write.1.tlog
C:\Users\Administrator.IES7LSEJAZ1GGRL\Desktop\OpenCV笔记之零：读取图片\unfinished\Debug\unfinished_manifest.rc
C:\Users\Administrator.IES7LSEJAZ1GGRL\Desktop\OpenCV笔记之零：读取图片\unfinished\Debug\vc100.idb
C:\USERS\ADMINISTRATOR.IES7LSEJAZ1GGRL\DESKTOP\OPENCV笔记之零：读取图片\UNFINISHED\DEBUG\VC100.PDB
C:\USERS\WHD\DESKTOP\OPENCV学习笔记\OPENCV学习笔记\OPENCV笔记之二：显示图片\DEBUG\UNFINISHED.EXE
C:\USERS\WHD\DESKTOP\OPENCV学习笔记\OPENCV学习笔记\OPENCV笔记之二：显示图片\DEBUG\UNFINISHED.ILK
C:\USERS\WHD\DESKTOP\OPENCV学习笔记\OPENCV学习笔记\OPENCV笔记之二：显示图片\DEBUG\UNFINISHED.PDB
C:\USERS\WHD\DESKTOP\OPENCV学习笔记\OPENCV学习笔记\OPENCV笔记之二：显示图片\UNFINISHED\DEBUG\STDAFX.OBJ
C:\USERS\WHD\DESKTOP\OPENCV学习笔记\OPENCV学习笔记\OPENCV笔记之二：显示图片\UNFINISHED\DEBUG\UNFINISHED.EXE.EMBED.MANIFEST.RES
C:\USERS\WHD\DESKTOP\OPENCV学习笔记\OPENCV学习笔记\OPENCV笔记之二：显示图片\UNFINISHED\DEBUG\UNFINISHED.EXE.INTERMEDIATE.MANIFEST
C:\USERS\WHD\DESKTOP\OPENCV学习笔记\OPENCV学习笔记\OPENCV笔记之二：显示图片\UNFINISHED\DEBUG\UNFINISHED.OBJ
C:\USERS\WHD\DESKTOP\OPENCV学习笔记\OPENCV学习笔记\OPENCV笔记之二：显示图片\UNFINISHED\DEBUG\UNFINISHED.PCH
C:\USERS\WHD\DESKTOP\OPENCV学习笔记\OPENCV学习笔记\OPENCV笔记之二：显示图片\UNFINISHED\DEBUG\VC100.PDB
C:\USERS\WHD\DESKTOP\VS\UNFINISHED\DEBUG\UNFINISHED.EXE
C:\USERS\WHD\DESKTOP\VS\UNFINISHED\DEBUG\UNFINISHED.ILK
C:\USERS\WHD\DESKTOP\VS\UNFINISHED\DEBUG\UNFINISHED.PDB
C:\USERS\WHD\DESKTOP\VS\UNFINISHED\UNFINISHED\DEBUG\STDAFX.OBJ
C:\USERS\WHD\DESKTOP\VS\UNFINISHED\UNFINISHED\DEBUG\UNFINISHED.EXE.EMBED.MANIFEST
C:\USERS\WHD\DESKTOP\VS\UNFINISHED\UNFINISHED\DEBUG\UNFINISHED.EXE.EMBED.MANIFEST.RES
C:\USERS\WHD\DESKTOP\VS\UNFINISHED\UNFINISHED\DEBUG\UNFINISHED.EXE.INTERMEDIATE.MANIFEST
C:\USERS\WHD\DESKTOP\VS\UNFINISHED\UNFINISHED\DEBUG\UNFINISHED.OBJ
C:\USERS\WHD\DESKTOP\VS\UNFINISHED\UNFINISHED\DEBUG\UNFINISHED.PCH
C:\USERS\WHD\DESKTOP\VS\UNFINISHED\UNFINISHED\DEBUG\VC100.PDB
D:\VS\UNFINISHED\DEBUG\UNFINISHED.EXE
D:\VS\UNFINISHED\DEBUG\UNFINISHED.ILK
D:\VS\UNFINISHED\DEBUG\UNFINISHED.PDB
D:\VS\UNFINISHED\UNFINISHED\DEBUG\STDAFX.OBJ
D:\VS\UNFINISHED\UNFINISHED\DEBUG\UNFINISHED.EXE.EMBED.MANIFEST.RES
D:\VS\UNFINISHED\UNFINISHED\DEBUG\UNFINISHED.EXE.INTERMEDIATE.MANIFEST
D:\VS\UNFINISHED\UNFINISHED\DEBUG\UNFINISHED.OBJ
D:\VS\UNFINISHED\UNFINISHED\DEBUG\UNFINISHED.PCH
D:\VS\UNFINISHED\UNFINISHED\DEBUG\VC100.PDB
D:\桌面\OPENCV学习笔记\OPENCV学习笔记\OPENCV笔记之二：显示图片\UNFINISHED\DEBUG\STDAFX.OBJ
D:\桌面\OPENCV学习笔记\OPENCV学习笔记\OPENCV笔记之二：显示图片\UNFINISHED\DEBUG\UNFINISHED.EXE.EMBED.MANIFEST.RES
D:\桌面\OPENCV学习笔记\OPENCV学习笔记\OPENCV笔记之二：显示图片\UNFINISHED\DEBUG\UNFINISHED.OBJ
D:\桌面\OPENCV学习笔记\OPENCV学习笔记\OPENCV笔记之二：显示图片\UNFINISHED\DEBUG\UNFINISHED.PCH
D:\桌面\OPENCV学习笔记\OPENCV学习笔记\OPENCV笔记之二：显示图片\UNFINISHED\DEBUG\VC100.PDB
E:\OPENCV学习笔记\OPENCV学习笔记\OPENCV笔记之二：显示图片\DEBUG\UNFINISHED.EXE
E:\OPENCV学习笔记\OPENCV学习笔记\OPENCV笔记之二：显示图片\DEBUG\UNFINISHED.ILK
E:\OPENCV学习笔记\OPENCV学习笔记\OPENCV笔记之二：显示图片\DEBUG\UNFINISHED.PDB
E:\OPENCV学习笔记\OPENCV学习笔记\OPENCV笔记之二：显示图片\UNFINISHED\DEBUG\STDAFX.OBJ
E:\OPENCV学习笔记\OPENCV学习笔记\OPENCV笔记之二：显示图片\UNFINISHED\DEBUG\UNFINISHED.EXE.EMBED.MANIFEST.RES
E:\OPENCV学习笔记\OPENCV学习笔记\OPENCV笔记之二：显示图片\UNFINISHED\DEBUG\UNFINISHED.EXE.INTERMEDIATE.MANIFEST
E:\OPENCV学习笔记\OPENCV学习笔记\OPENCV笔记之二：显示图片\UNFINISHED\DEBUG\UNFINISHED.OBJ
E:\OPENCV学习笔记\OPENCV学习笔记\OPENCV笔记之二：显示图片\UNFINISHED\DEBUG\UNFINISHED.PCH
E:\OPENCV学习笔记\OPENCV学习笔记\OPENCV笔记之二：显示图片\UNFINISHED\DEBUG\VC100.PDB
G:\桌面\OPENCV学习笔记\OPENCV学习笔记\OPENCV笔记之二：显示图片\DEBUG\UNFINISHED.EXE
G:\桌面\OPENCV学习笔记\OPENCV学习笔记\OPENCV笔记之二：显示图片\DEBUG\UNFINISHED.ILK
G:\桌面\OPENCV学习笔记\OPENCV学习笔记\OPENCV笔记之二：显示图片\DEBUG\UNFINISHED.PDB
G:\桌面\OPENCV学习笔记\OPENCV学习笔记\OPENCV笔记之二：显示图片\UNFINISHED\DEBUG\STDAFX.OBJ
G:\桌面\OPENCV学习笔记\OPENCV学习笔记\OPENCV笔记之二：显示图片\UNFINISHED\DEBUG\UNFINISHED.EXE.EMBED.MANIFEST.RES
G:\桌面\OPENCV学习笔记\OPENCV学习笔记\OPENCV笔记之二：显示图片\UNFINISHED\DEBUG\UNFINISHED.EXE.INTERMEDIATE.MANIFEST
G:\桌面\OPENCV学习笔记\OPENCV学习笔记\OPENCV笔记之二：显示图片\UNFINISHED\DEBUG\UNFINISHED.OBJ
G:\桌面\OPENCV学习笔记\OPENCV学习笔记\OPENCV笔记之二：显示图片\UNFINISHED\DEBUG\UNFINISHED.PCH
G:\桌面\OPENCV学习笔记\OPENCV学习笔记\OPENCV笔记之二：显示图片\UNFINISHED\DEBUG\VC100.PDB
